<?xml version="1.0" encoding="UTF-8"?>
<testsuite name="Cucumber" time="5.192" tests="1" skipped="0" failures="0" errors="0">
<testcase classname="login functionality" name="login successful valid credentials" time="5.079">
<system-out><![CDATA[
Given user is login page....................................................passed
When user enter username and password.......................................passed
And click on login page.....................................................passed
Then user navigated to the homepage.........................................passed
]]></system-out>
</testcase>
</testsuite>
