<?xml version="1.0" encoding="UTF-8"?>
<testng-results ignored="0" total="7" passed="7" failed="0" skipped="0">
  <reporter-output>
  </reporter-output>
  <suite started-at="2024-07-31T12:12:17 IST" name="Default suite" finished-at="2024-07-31T12:12:17 IST" duration-ms="59">
    <groups>
    </groups>
    <test started-at="2024-07-31T12:12:17 IST" name="Default test" finished-at="2024-07-31T12:12:17 IST" duration-ms="59">
      <class name="PageObjects.Annotation">
        <test-method signature="aomkng()[pri:-10, instance:PageObjects.Annotation@74fe5c40]" started-at="2024-07-31T12:12:17 IST" name="aomkng" finished-at="2024-07-31T12:12:17 IST" duration-ms="9" status="PASS">
          <reporter-output>
          </reporter-output>
        </test-method> <!-- aomkng -->
        <test-method signature="dog()[pri:-8, instance:PageObjects.Annotation@74fe5c40]" started-at="2024-07-31T12:12:17 IST" name="dog" finished-at="2024-07-31T12:12:17 IST" duration-ms="1" status="PASS">
          <reporter-output>
          </reporter-output>
        </test-method> <!-- dog -->
        <test-method signature="aomKng()[pri:-1, instance:PageObjects.Annotation@74fe5c40]" started-at="2024-07-31T12:12:17 IST" name="aomKng" finished-at="2024-07-31T12:12:17 IST" duration-ms="1" status="PASS">
          <reporter-output>
          </reporter-output>
        </test-method> <!-- aomKng -->
        <test-method signature="huall()[pri:0, instance:PageObjects.Annotation@74fe5c40]" started-at="2024-07-31T12:12:17 IST" name="huall" finished-at="2024-07-31T12:12:17 IST" duration-ms="1" status="PASS">
          <reporter-output>
          </reporter-output>
        </test-method> <!-- huall -->
        <test-method signature="sun()[pri:0, instance:PageObjects.Annotation@74fe5c40]" started-at="2024-07-31T12:12:17 IST" name="sun" finished-at="2024-07-31T12:12:17 IST" duration-ms="0" status="PASS">
          <reporter-output>
          </reporter-output>
        </test-method> <!-- sun -->
        <test-method signature="z()[pri:0, instance:PageObjects.Annotation@74fe5c40]" started-at="2024-07-31T12:12:17 IST" name="z" finished-at="2024-07-31T12:12:17 IST" duration-ms="1" status="PASS">
          <reporter-output>
          </reporter-output>
        </test-method> <!-- z -->
        <test-method signature="csk()[pri:1, instance:PageObjects.Annotation@74fe5c40]" started-at="2024-07-31T12:12:17 IST" name="csk" finished-at="2024-07-31T12:12:17 IST" duration-ms="0" status="PASS">
          <reporter-output>
          </reporter-output>
        </test-method> <!-- csk -->
      </class> <!-- PageObjects.Annotation -->
    </test> <!-- Default test -->
  </suite> <!-- Default suite -->
</testng-results>
