<?xml version="1.0" encoding="UTF-8"?>
<!-- Generated by org.testng.reporters.JUnitXMLReporter -->
<testsuite ignored="0" hostname="ojas-dd697" failures="0" tests="7" name="Default test" time="0.059" errors="0" timestamp="2024-07-31T12:12:18 IST">
  <testcase classname="PageObjects.Annotation" name="aomkng" time="0.009"/>
  <testcase classname="PageObjects.Annotation" name="dog" time="0.001"/>
  <testcase classname="PageObjects.Annotation" name="aomKng" time="0.001"/>
  <testcase classname="PageObjects.Annotation" name="huall" time="0.001"/>
  <testcase classname="PageObjects.Annotation" name="sun" time="0.0"/>
  <testcase classname="PageObjects.Annotation" name="z" time="0.001"/>
  <testcase classname="PageObjects.Annotation" name="csk" time="0.0"/>
</testsuite> <!-- Default test -->
