<?xml version="1.0" encoding="UTF-8"?>
<testng-results ignored="0" total="1" passed="1" failed="0" skipped="0">
  <reporter-output>
  </reporter-output>
  <suite started-at="2024-09-16T16:01:02 IST" name="Default suite" finished-at="2024-09-16T16:01:02 IST" duration-ms="466">
    <groups>
    </groups>
    <test started-at="2024-09-16T16:01:02 IST" name="Default test" finished-at="2024-09-16T16:01:02 IST" duration-ms="466">
      <class name="TestCases.Login">
        <test-method is-config="true" signature="launch()[pri:0, instance:TestCases.Login@77888435]" started-at="2024-09-16T16:00:44 IST" name="launch" finished-at="2024-09-16T16:01:02 IST" duration-ms="17508" status="PASS">
          <reporter-output>
          </reporter-output>
        </test-method> <!-- launch -->
        <test-method signature="test()[pri:0, instance:TestCases.Login@77888435]" started-at="2024-09-16T16:01:02 IST" name="test" finished-at="2024-09-16T16:01:02 IST" duration-ms="444" status="PASS">
          <reporter-output>
          </reporter-output>
        </test-method> <!-- test -->
        <test-method is-config="true" signature="closeApp()[pri:0, instance:TestCases.Login@77888435]" started-at="2024-09-16T16:01:02 IST" name="closeApp" finished-at="2024-09-16T16:01:02 IST" duration-ms="169" status="PASS">
          <reporter-output>
          </reporter-output>
        </test-method> <!-- closeApp -->
      </class> <!-- TestCases.Login -->
    </test> <!-- Default test -->
  </suite> <!-- Default suite -->
</testng-results>
