<?xml version="1.0" encoding="UTF-8"?>
<!-- Generated by org.testng.reporters.JUnitXMLReporter -->
<testsuite ignored="0" hostname="ojas-dd697" failures="0" tests="4" name="Default test" time="3.47" errors="0" timestamp="2024-08-01T11:18:24 IST">
  <testcase classname="Day.Rest_HTTP_Request_1" name="getusers" time="1.982"/>
  <testcase classname="Day.Rest_HTTP_Request_1" name="CreateUser" time="0.691"/>
  <testcase classname="Day.Rest_HTTP_Request_1" name="updateUser" time="0.386"/>
  <testcase classname="Day.Rest_HTTP_Request_1" name="deleteuser" time="0.367"/>
</testsuite> <!-- Default test -->
