<?xml version="1.0" encoding="UTF-8"?>
<testng-results ignored="0" total="1" passed="1" failed="0" skipped="0">
  <reporter-output>
  </reporter-output>
  <suite started-at="2024-07-29T14:49:09 IST" name="Default suite" finished-at="2024-07-29T14:50:08 IST" duration-ms="59584">
    <groups>
    </groups>
    <test started-at="2024-07-29T14:49:09 IST" name="Default test" finished-at="2024-07-29T14:50:08 IST" duration-ms="59584">
      <class name="E_domain.EnterApplicationPage2">
        <test-method signature="app()[pri:0, instance:E_domain.EnterApplicationPage2@5af3afd9]" started-at="2024-07-29T14:49:09 IST" name="app" finished-at="2024-07-29T14:50:08 IST" duration-ms="59551" status="PASS">
          <reporter-output>
          </reporter-output>
        </test-method> <!-- app -->
      </class> <!-- E_domain.EnterApplicationPage2 -->
    </test> <!-- Default test -->
  </suite> <!-- Default suite -->
</testng-results>
