<?xml version="1.0" encoding="UTF-8"?>
<testng-results ignored="0" total="4" passed="4" failed="0" skipped="0">
  <reporter-output>
  </reporter-output>
  <suite started-at="2024-08-01T11:18:20 IST" name="Default suite" finished-at="2024-08-01T11:18:24 IST" duration-ms="3470">
    <groups>
    </groups>
    <test started-at="2024-08-01T11:18:20 IST" name="Default test" finished-at="2024-08-01T11:18:24 IST" duration-ms="3470">
      <class name="Day.Rest_HTTP_Request_1">
        <test-method signature="getusers()[pri:1, instance:Day.Rest_HTTP_Request_1@52b1beb6]" started-at="2024-08-01T11:18:20 IST" name="getusers" finished-at="2024-08-01T11:18:22 IST" duration-ms="1982" status="PASS">
          <reporter-output>
          </reporter-output>
        </test-method> <!-- getusers -->
        <test-method signature="CreateUser()[pri:2, instance:Day.Rest_HTTP_Request_1@52b1beb6]" started-at="2024-08-01T11:18:22 IST" name="CreateUser" finished-at="2024-08-01T11:18:23 IST" duration-ms="691" status="PASS">
          <reporter-output>
          </reporter-output>
        </test-method> <!-- CreateUser -->
        <test-method signature="updateUser()[pri:3, instance:Day.Rest_HTTP_Request_1@52b1beb6]" started-at="2024-08-01T11:18:23 IST" name="updateUser" finished-at="2024-08-01T11:18:23 IST" depends-on-methods="Day.Rest_HTTP_Request_1.CreateUser" duration-ms="386" status="PASS">
          <reporter-output>
          </reporter-output>
        </test-method> <!-- updateUser -->
        <test-method signature="deleteuser()[pri:4, instance:Day.Rest_HTTP_Request_1@52b1beb6]" started-at="2024-08-01T11:18:23 IST" name="deleteuser" finished-at="2024-08-01T11:18:24 IST" duration-ms="367" status="PASS">
          <reporter-output>
          </reporter-output>
        </test-method> <!-- deleteuser -->
      </class> <!-- Day.Rest_HTTP_Request_1 -->
    </test> <!-- Default test -->
  </suite> <!-- Default suite -->
</testng-results>
